<?xml version="1.0" encoding="UTF-8"?>
<!-- Generated by org.testng.reporters.JUnitXMLReporter -->
<testsuite ignored="0" hostname="DESKTOP-FRDRP7V" failures="0" tests="2" name="Surefire test" time="4.838" errors="0" timestamp="2026-06-20T02:20:37 IST">
  <testcase classname="Freelance.com.projectSetup.ExcelUtilityTest" name="readExcelData_shouldReturnRows" time="0.503"/>
  <testcase classname="Freelance.com.projectSetup.VARIABLESTest" name="constantsShouldBeNonEmpty" time="0.001"/>
</testsuite> <!-- Surefire test -->
