<?xml version="1.0" encoding="UTF-8"?>
<!-- Generated by org.testng.reporters.JUnitXMLReporter -->
<testsuite ignored="0" hostname="DESKTOP-FRDRP7V" failures="1" tests="1" name="Test" time="0.088" errors="0" timestamp="2026-06-20T02:23:15 IST">
  <testcase classname="com.mainMethod.automation.MainRunnerClass" name="@BeforeSuite beforeSuite" time="14.537">
    <failure type="java.lang.ExceptionInInitializerError">
      <![CDATA[java.lang.ExceptionInInitializerError
at com.mainMethod.automation.MainRunnerClass.beforeSuite(MainRunnerClass.java:120)
Caused by: java.lang.IllegalStateException: Missing credential. Provide -bsb.email or set the BSB_EMAIL environment variable.
at Freelance.com.projectSetup.VARIABLES.resolveCredential(VARIABLES.java:51)
at Freelance.com.projectSetup.VARIABLES.<clinit>(VARIABLES.java:41)
... 24 more
... Removed 23 stack frames]]>
    </failure>
  </testcase> <!-- @BeforeSuite beforeSuite -->
  <testcase classname="com.mainMethod.automation.MainRunnerClass" name="runTests" time="0.0">
    <failure type="java.lang.RuntimeException" message="java.lang.NoClassDefFoundError: Could not initialize class Freelance.com.projectSetup.VARIABLES">
      <![CDATA[java.lang.RuntimeException: java.lang.NoClassDefFoundError: Could not initialize class Freelance.com.projectSetup.VARIABLES
at java.base/java.util.ArrayList.forEach(ArrayList.java:1511)
Caused by: java.lang.NoClassDefFoundError: Could not initialize class Freelance.com.projectSetup.VARIABLES
at Freelance.com.projectSetup.ExcelUtility.getExcelData(ExcelUtility.java:19)
... 29 more
Caused by: java.lang.ExceptionInInitializerError: Exception java.lang.IllegalStateException: Missing credential. Provide -bsb.email or set the BSB_EMAIL environment variable. [in thread "main"]
at Freelance.com.projectSetup.VARIABLES.resolveCredential(VARIABLES.java:51)
at Freelance.com.projectSetup.VARIABLES.<clinit>(VARIABLES.java:41)
at com.mainMethod.automation.MainRunnerClass.beforeSuite(MainRunnerClass.java:120)
... 14 more
... Removed 45 stack frames]]>
    </failure>
  </testcase> <!-- runTests -->
</testsuite> <!-- Test -->
