<?xml version="1.0" encoding="UTF-8"?>
<testng-results ignored="0" total="2" passed="2" failed="0" skipped="0">
  <reporter-output>
  </reporter-output>
  <suite started-at="2026-06-20T01:18:23 IST" name="Surefire suite" finished-at="2026-06-20T01:18:28 IST" duration-ms="5692">
    <groups>
    </groups>
    <test started-at="2026-06-20T01:18:23 IST" name="Surefire test" finished-at="2026-06-20T01:18:28 IST" duration-ms="5692">
      <class name="Freelance.com.projectSetup.VARIABLESTest">
        <test-method signature="constantsShouldBeNonEmpty()[pri:0, instance:Freelance.com.projectSetup.VARIABLESTest@70e8f8e]" started-at="2026-06-20T01:18:28 IST" name="constantsShouldBeNonEmpty" finished-at="2026-06-20T01:18:28 IST" duration-ms="2" status="PASS">
          <reporter-output>
          </reporter-output>
        </test-method> <!-- constantsShouldBeNonEmpty -->
      </class> <!-- Freelance.com.projectSetup.VARIABLESTest -->
      <class name="Freelance.com.projectSetup.ExcelUtilityTest">
        <test-method is-config="true" signature="setup()[pri:0, instance:Freelance.com.projectSetup.ExcelUtilityTest@48aaecc3]" started-at="2026-06-20T01:18:23 IST" name="setup" finished-at="2026-06-20T01:18:28 IST" duration-ms="4524" status="PASS">
          <reporter-output>
          </reporter-output>
        </test-method> <!-- setup -->
        <test-method signature="readExcelData_shouldReturnRows()[pri:0, instance:Freelance.com.projectSetup.ExcelUtilityTest@48aaecc3]" started-at="2026-06-20T01:18:28 IST" name="readExcelData_shouldReturnRows" finished-at="2026-06-20T01:18:28 IST" duration-ms="496" status="PASS">
          <reporter-output>
          </reporter-output>
        </test-method> <!-- readExcelData_shouldReturnRows -->
        <test-method is-config="true" signature="teardown()[pri:0, instance:Freelance.com.projectSetup.ExcelUtilityTest@48aaecc3]" started-at="2026-06-20T01:18:28 IST" name="teardown" finished-at="2026-06-20T01:18:28 IST" duration-ms="3" status="PASS">
          <reporter-output>
          </reporter-output>
        </test-method> <!-- teardown -->
      </class> <!-- Freelance.com.projectSetup.ExcelUtilityTest -->
    </test> <!-- Surefire test -->
  </suite> <!-- Surefire suite -->
</testng-results>
