<?xml version="1.0" encoding="UTF-8"?>
<!-- Generated by org.testng.reporters.JUnitReportReporter -->
<testsuite hostname="DESKTOP-IJC2UEU" failures="0" tests="15" name="com.mainMethod.automation.MainRunnerClass2" time="52.740" errors="1" timestamp="2025-01-27T23:44:54 IST" skipped="14">
  <testcase classname="com.mainMethod.automation.MainRunnerClass2" name="testMainMethod" time="4.432">
    <skipped/>
  </testcase> <!-- testMainMethod -->
  <testcase classname="com.mainMethod.automation.MainRunnerClass2" name="testMainMethod" time="3.813">
    <skipped/>
  </testcase> <!-- testMainMethod -->
  <testcase classname="com.mainMethod.automation.MainRunnerClass2" name="testMainMethod" time="3.955">
    <skipped/>
  </testcase> <!-- testMainMethod -->
  <testcase classname="com.mainMethod.automation.MainRunnerClass2" name="testMainMethod" time="3.063">
    <skipped/>
  </testcase> <!-- testMainMethod -->
  <testcase classname="com.mainMethod.automation.MainRunnerClass2" name="testMainMethod" time="3.221">
    <skipped/>
  </testcase> <!-- testMainMethod -->
  <testcase classname="com.mainMethod.automation.MainRunnerClass2" name="testMainMethod" time="3.078">
    <skipped/>
  </testcase> <!-- testMainMethod -->
  <testcase classname="com.mainMethod.automation.MainRunnerClass2" name="testMainMethod" time="3.266">
    <skipped/>
  </testcase> <!-- testMainMethod -->
  <testcase classname="com.mainMethod.automation.MainRunnerClass2" name="testMainMethod" time="3.067">
    <skipped/>
  </testcase> <!-- testMainMethod -->
  <testcase classname="com.mainMethod.automation.MainRunnerClass2" name="testMainMethod" time="3.119">
    <skipped/>
  </testcase> <!-- testMainMethod -->
  <testcase classname="com.mainMethod.automation.MainRunnerClass2" name="testMainMethod" time="4.278">
    <skipped/>
  </testcase> <!-- testMainMethod -->
  <testcase classname="com.mainMethod.automation.MainRunnerClass2" name="testMainMethod" time="3.535">
    <skipped/>
  </testcase> <!-- testMainMethod -->
  <testcase classname="com.mainMethod.automation.MainRunnerClass2" name="testMainMethod" time="3.269">
    <skipped/>
  </testcase> <!-- testMainMethod -->
  <testcase classname="com.mainMethod.automation.MainRunnerClass2" name="testMainMethod" time="3.540">
    <error message="no such element: Unable to locate element: {&quot;method&quot;:&quot;xpath&quot;,&quot;selector&quot;:&quot;//tbody[@id=&#039;tbodycrop&#039;]/tr/td[2]&quot;}
  (Session info: chrome=132.0.6834.83)
For documentation on this error, please visit: https://www.selenium.dev/documentation/webdriver/troubleshooting/errors#no-such-element-exception
Build info: version: &#039;4.27.0&#039;, revision: &#039;d6e718d134&#039;
System info: os.name: &#039;Windows 11&#039;, os.arch: &#039;amd64&#039;, os.version: &#039;10.0&#039;, java.version: &#039;18&#039;
Driver info: org.openqa.selenium.chrome.ChromeDriver
Command: [77401c276e14d71ff3fa0c43de832c46, findElement {using=xpath, value=//tbody[@id=&#039;tbodycrop&#039;]/tr/td[2]}]
Capabilities {acceptInsecureCerts: false, browserName: chrome, browserVersion: 132.0.6834.83, chrome: {chromedriverVersion: 132.0.6834.110 (df453a35f09..., userDataDir: C:\Users\sagni\AppData\Loca...}, fedcm:accounts: true, goog:chromeOptions: {debuggerAddress: localhost:62502}, networkConnectionEnabled: false, pageLoadStrategy: normal, platformName: windows, proxy: Proxy(), se:cdp: ws://localhost:62502/devtoo..., se:cdpVersion: 132.0.6834.83, setWindowRect: true, strictFileInteractability: false, timeouts: {implicit: 0, pageLoad: 300000, script: 30000}, unhandledPromptBehavior: dismiss and notify, webauthn:extension:credBlob: true, webauthn:extension:largeBlob: true, webauthn:extension:minPinLength: true, webauthn:extension:prf: true, webauthn:virtualAuthenticators: true}
Session ID: 77401c276e14d71ff3fa0c43de832c46" type="org.openqa.selenium.NoSuchElementException">
      <![CDATA[org.openqa.selenium.NoSuchElementException: no such element: Unable to locate element: {"method":"xpath","selector":"//tbody[@id='tbodycrop']/tr/td[2]"}
  (Session info: chrome=132.0.6834.83)
For documentation on this error, please visit: https://www.selenium.dev/documentation/webdriver/troubleshooting/errors#no-such-element-exception
Build info: version: '4.27.0', revision: 'd6e718d134'
System info: os.name: 'Windows 11', os.arch: 'amd64', os.version: '10.0', java.version: '18'
Driver info: org.openqa.selenium.chrome.ChromeDriver
Command: [77401c276e14d71ff3fa0c43de832c46, findElement {using=xpath, value=//tbody[@id='tbodycrop']/tr/td[2]}]
Capabilities {acceptInsecureCerts: false, browserName: chrome, browserVersion: 132.0.6834.83, chrome: {chromedriverVersion: 132.0.6834.110 (df453a35f09..., userDataDir: C:\Users\sagni\AppData\Loca...}, fedcm:accounts: true, goog:chromeOptions: {debuggerAddress: localhost:62502}, networkConnectionEnabled: false, pageLoadStrategy: normal, platformName: windows, proxy: Proxy(), se:cdp: ws://localhost:62502/devtoo..., se:cdpVersion: 132.0.6834.83, setWindowRect: true, strictFileInteractability: false, timeouts: {implicit: 0, pageLoad: 300000, script: 30000}, unhandledPromptBehavior: dismiss and notify, webauthn:extension:credBlob: true, webauthn:extension:largeBlob: true, webauthn:extension:minPinLength: true, webauthn:extension:prf: true, webauthn:virtualAuthenticators: true}
Session ID: 77401c276e14d71ff3fa0c43de832c46
at java.base/jdk.internal.reflect.DirectConstructorHandleAccessor.newInstance(DirectConstructorHandleAccessor.java:67)
at java.base/java.lang.reflect.Constructor.newInstanceWithCaller(Constructor.java:499)
at java.base/java.lang.reflect.Constructor.newInstance(Constructor.java:483)
at org.openqa.selenium.remote.ErrorCodec.decode(ErrorCodec.java:167)
at org.openqa.selenium.remote.codec.w3c.W3CHttpResponseCodec.decode(W3CHttpResponseCodec.java:138)
at org.openqa.selenium.remote.codec.w3c.W3CHttpResponseCodec.decode(W3CHttpResponseCodec.java:50)
at org.openqa.selenium.remote.HttpCommandExecutor.execute(HttpCommandExecutor.java:190)
at org.openqa.selenium.remote.service.DriverCommandExecutor.invokeExecute(DriverCommandExecutor.java:216)
at org.openqa.selenium.remote.service.DriverCommandExecutor.execute(DriverCommandExecutor.java:174)
at org.openqa.selenium.remote.RemoteWebDriver.execute(RemoteWebDriver.java:545)
at org.openqa.selenium.remote.ElementLocation$ElementFinder$2.findElement(ElementLocation.java:165)
at org.openqa.selenium.remote.ElementLocation.findElement(ElementLocation.java:59)
at org.openqa.selenium.remote.RemoteWebDriver.findElement(RemoteWebDriver.java:368)
at org.openqa.selenium.remote.RemoteWebDriver.findElement(RemoteWebDriver.java:362)
at org.openqa.selenium.support.pagefactory.DefaultElementLocator.findElement(DefaultElementLocator.java:68)
at org.openqa.selenium.support.pagefactory.internal.LocatingElementHandler.invoke(LocatingElementHandler.java:38)
at jdk.proxy2/jdk.proxy2.$Proxy13.getText(Unknown Source)
at com.mainMethod.automation.PageBean.logicToSkip(PageBean.java:377)
at com.mainMethod.automation.MainRunnerClass2.testMainMethod(MainRunnerClass2.java:102)
at java.base/jdk.internal.reflect.DirectMethodHandleAccessor.invoke(DirectMethodHandleAccessor.java:104)
at java.base/java.lang.reflect.Method.invoke(Method.java:577)
at org.testng.internal.invokers.MethodInvocationHelper.invokeMethod(MethodInvocationHelper.java:141)
at org.testng.internal.invokers.TestInvoker.invokeMethod(TestInvoker.java:686)
at org.testng.internal.invokers.TestInvoker.invokeTestMethod(TestInvoker.java:230)
at org.testng.internal.invokers.MethodRunner.runInSequence(MethodRunner.java:63)
at org.testng.internal.invokers.TestInvoker$MethodInvocationAgent.invoke(TestInvoker.java:992)
at org.testng.internal.invokers.TestInvoker.invokeTestMethods(TestInvoker.java:203)
at org.testng.internal.invokers.TestMethodWorker.invokeTestMethods(TestMethodWorker.java:154)
at org.testng.internal.invokers.TestMethodWorker.run(TestMethodWorker.java:134)
at java.base/java.util.ArrayList.forEach(ArrayList.java:1511)
at org.testng.TestRunner.privateRun(TestRunner.java:739)
at org.testng.TestRunner.run(TestRunner.java:614)
at org.testng.SuiteRunner.runTest(SuiteRunner.java:421)
at org.testng.SuiteRunner.runSequentially(SuiteRunner.java:413)
at org.testng.SuiteRunner.privateRun(SuiteRunner.java:373)
at org.testng.SuiteRunner.run(SuiteRunner.java:312)
at org.testng.SuiteRunnerWorker.runSuite(SuiteRunnerWorker.java:52)
at org.testng.SuiteRunnerWorker.run(SuiteRunnerWorker.java:95)
at org.testng.TestNG.runSuitesSequentially(TestNG.java:1274)
at org.testng.TestNG.runSuitesLocally(TestNG.java:1208)
at org.testng.TestNG.runSuites(TestNG.java:1112)
at org.testng.TestNG.run(TestNG.java:1079)
at org.testng.remote.AbstractRemoteTestNG.run(AbstractRemoteTestNG.java:115)
at org.testng.remote.RemoteTestNG.initAndRun(RemoteTestNG.java:293)
at org.testng.remote.RemoteTestNG.main(RemoteTestNG.java:91)
]]>
    </error>
  </testcase> <!-- testMainMethod -->
  <testcase classname="com.mainMethod.automation.MainRunnerClass2" name="testMainMethod" time="3.844">
    <skipped/>
  </testcase> <!-- testMainMethod -->
  <testcase classname="com.mainMethod.automation.MainRunnerClass2" name="testMainMethod" time="3.260">
    <skipped/>
  </testcase> <!-- testMainMethod -->
</testsuite> <!-- com.mainMethod.automation.MainRunnerClass2 -->
